[0.775s] Invoking command in '/home/hts/Skillex/src/py_pubsub': PYTHONPATH=/home/hts/Skillex/install/py_pubsub/lib/python3.8/site-packages:${PYTHONPATH} /usr/bin/python3 setup.py egg_info --egg-base ../../build/py_pubsub build --build-base /home/hts/Skillex/build/py_pubsub/build install --prefix /home/hts/Skillex/install/py_pubsub --record /home/hts/Skillex/build/py_pubsub/install.log --single-version-externally-managed
[1.009s] running egg_info
[1.014s] writing ../../build/py_pubsub/py_pubsub.egg-info/PKG-INFO
[1.023s] writing dependency_links to ../../build/py_pubsub/py_pubsub.egg-info/dependency_links.txt
[1.023s] writing entry points to ../../build/py_pubsub/py_pubsub.egg-info/entry_points.txt
[1.025s] writing requirements to ../../build/py_pubsub/py_pubsub.egg-info/requires.txt
[1.025s] writing top-level names to ../../build/py_pubsub/py_pubsub.egg-info/top_level.txt
[1.060s] reading manifest file '../../build/py_pubsub/py_pubsub.egg-info/SOURCES.txt'
[1.066s] writing manifest file '../../build/py_pubsub/py_pubsub.egg-info/SOURCES.txt'
[1.066s] running build
[1.066s] running build_py
[1.067s] copying py_pubsub/speech2text.py -> /home/hts/Skillex/build/py_pubsub/build/lib/py_pubsub
[1.070s] running install
[1.070s] running install_lib
[1.077s] copying /home/hts/Skillex/build/py_pubsub/build/lib/py_pubsub/speech2text.py -> /home/hts/Skillex/install/py_pubsub/lib/python3.8/site-packages/py_pubsub
[1.082s] byte-compiling /home/hts/Skillex/install/py_pubsub/lib/python3.8/site-packages/py_pubsub/speech2text.py to speech2text.cpython-38.pyc
[1.082s]   File "/home/hts/Skillex/install/py_pubsub/lib/python3.8/site-packages/py_pubsub/speech2text.py", line 15
[1.082s]     from
[1.082s]         ^
[1.082s] SyntaxError: invalid syntax
[1.082s] 
[1.082s] running install_data
[1.082s] running install_egg_info
[1.083s] removing '/home/hts/Skillex/install/py_pubsub/lib/python3.8/site-packages/py_pubsub-0.0.0-py3.8.egg-info' (and everything under it)
[1.085s] Copying ../../build/py_pubsub/py_pubsub.egg-info to /home/hts/Skillex/install/py_pubsub/lib/python3.8/site-packages/py_pubsub-0.0.0-py3.8.egg-info
[1.085s] running install_scripts
[1.106s] Installing listener script to /home/hts/Skillex/install/py_pubsub/lib/py_pubsub
[1.110s] Installing speech2text script to /home/hts/Skillex/install/py_pubsub/lib/py_pubsub
[1.110s] Installing talker script to /home/hts/Skillex/install/py_pubsub/lib/py_pubsub
[1.110s] writing list of installed files to '/home/hts/Skillex/build/py_pubsub/install.log'
[1.151s] Invoked command in '/home/hts/Skillex/src/py_pubsub' returned '0': PYTHONPATH=/home/hts/Skillex/install/py_pubsub/lib/python3.8/site-packages:${PYTHONPATH} /usr/bin/python3 setup.py egg_info --egg-base ../../build/py_pubsub build --build-base /home/hts/Skillex/build/py_pubsub/build install --prefix /home/hts/Skillex/install/py_pubsub --record /home/hts/Skillex/build/py_pubsub/install.log --single-version-externally-managed
