[0.707s] Invoking command in '/home/hts/Skillex/src/py_pubsub': PYTHONPATH=/home/hts/Skillex/install/py_pubsub/lib/python3.8/site-packages:${PYTHONPATH} /usr/bin/python3 setup.py egg_info --egg-base ../../build/py_pubsub build --build-base /home/hts/Skillex/build/py_pubsub/build install --prefix /home/hts/Skillex/install/py_pubsub --record /home/hts/Skillex/build/py_pubsub/install.log --single-version-externally-managed
[0.929s] running egg_info
[0.932s] writing ../../build/py_pubsub/py_pubsub.egg-info/PKG-INFO
[0.936s] writing dependency_links to ../../build/py_pubsub/py_pubsub.egg-info/dependency_links.txt
[0.944s] writing entry points to ../../build/py_pubsub/py_pubsub.egg-info/entry_points.txt
[0.944s] writing requirements to ../../build/py_pubsub/py_pubsub.egg-info/requires.txt
[0.945s] writing top-level names to ../../build/py_pubsub/py_pubsub.egg-info/top_level.txt
[0.987s] reading manifest file '../../build/py_pubsub/py_pubsub.egg-info/SOURCES.txt'
[0.989s] writing manifest file '../../build/py_pubsub/py_pubsub.egg-info/SOURCES.txt'
[0.989s] running build
[0.989s] running build_py
[0.990s] copying py_pubsub/speech2text.py -> /home/hts/Skillex/build/py_pubsub/build/lib/py_pubsub
[0.990s] running install
[0.991s] running install_lib
[0.995s] copying /home/hts/Skillex/build/py_pubsub/build/lib/py_pubsub/speech2text.py -> /home/hts/Skillex/install/py_pubsub/lib/python3.8/site-packages/py_pubsub
[0.997s] byte-compiling /home/hts/Skillex/install/py_pubsub/lib/python3.8/site-packages/py_pubsub/speech2text.py to speech2text.cpython-38.pyc
[1.010s] running install_data
[1.011s] running install_egg_info
[1.011s] removing '/home/hts/Skillex/install/py_pubsub/lib/python3.8/site-packages/py_pubsub-0.0.0-py3.8.egg-info' (and everything under it)
[1.011s] Copying ../../build/py_pubsub/py_pubsub.egg-info to /home/hts/Skillex/install/py_pubsub/lib/python3.8/site-packages/py_pubsub-0.0.0-py3.8.egg-info
[1.015s] running install_scripts
[1.031s] Installing listener script to /home/hts/Skillex/install/py_pubsub/lib/py_pubsub
[1.034s] Installing speech2text script to /home/hts/Skillex/install/py_pubsub/lib/py_pubsub
[1.044s] Installing talker script to /home/hts/Skillex/install/py_pubsub/lib/py_pubsub
[1.044s] writing list of installed files to '/home/hts/Skillex/build/py_pubsub/install.log'
[1.089s] Invoked command in '/home/hts/Skillex/src/py_pubsub' returned '0': PYTHONPATH=/home/hts/Skillex/install/py_pubsub/lib/python3.8/site-packages:${PYTHONPATH} /usr/bin/python3 setup.py egg_info --egg-base ../../build/py_pubsub build --build-base /home/hts/Skillex/build/py_pubsub/build install --prefix /home/hts/Skillex/install/py_pubsub --record /home/hts/Skillex/build/py_pubsub/install.log --single-version-externally-managed
