[0.814s] Invoking command in '/home/hts/Skillex/src/py_pubsub': PYTHONPATH=/home/hts/Skillex/install/py_pubsub/lib/python3.8/site-packages:${PYTHONPATH} /usr/bin/python3 setup.py egg_info --egg-base ../../build/py_pubsub build --build-base /home/hts/Skillex/build/py_pubsub/build install --prefix /home/hts/Skillex/install/py_pubsub --record /home/hts/Skillex/build/py_pubsub/install.log --single-version-externally-managed
[1.052s] running egg_info
[1.056s] writing ../../build/py_pubsub/py_pubsub.egg-info/PKG-INFO
[1.061s] writing dependency_links to ../../build/py_pubsub/py_pubsub.egg-info/dependency_links.txt
[1.063s] writing entry points to ../../build/py_pubsub/py_pubsub.egg-info/entry_points.txt
[1.063s] writing requirements to ../../build/py_pubsub/py_pubsub.egg-info/requires.txt
[1.063s] writing top-level names to ../../build/py_pubsub/py_pubsub.egg-info/top_level.txt
[1.100s] reading manifest file '../../build/py_pubsub/py_pubsub.egg-info/SOURCES.txt'
[1.101s] writing manifest file '../../build/py_pubsub/py_pubsub.egg-info/SOURCES.txt'
[1.104s] running build
[1.104s] running build_py
[1.104s] copying py_pubsub/speech2text.py -> /home/hts/Skillex/build/py_pubsub/build/lib/py_pubsub
[1.105s] running install
[1.105s] running install_lib
[1.107s] copying /home/hts/Skillex/build/py_pubsub/build/lib/py_pubsub/speech2text.py -> /home/hts/Skillex/install/py_pubsub/lib/python3.8/site-packages/py_pubsub
[1.109s] byte-compiling /home/hts/Skillex/install/py_pubsub/lib/python3.8/site-packages/py_pubsub/speech2text.py to speech2text.cpython-38.pyc
[1.110s] running install_data
[1.111s] running install_egg_info
[1.112s] removing '/home/hts/Skillex/install/py_pubsub/lib/python3.8/site-packages/py_pubsub-0.0.0-py3.8.egg-info' (and everything under it)
[1.112s] Copying ../../build/py_pubsub/py_pubsub.egg-info to /home/hts/Skillex/install/py_pubsub/lib/python3.8/site-packages/py_pubsub-0.0.0-py3.8.egg-info
[1.120s] running install_scripts
[1.148s] Installing listener script to /home/hts/Skillex/install/py_pubsub/lib/py_pubsub
[1.148s] Installing speech2text script to /home/hts/Skillex/install/py_pubsub/lib/py_pubsub
[1.148s] Installing talker script to /home/hts/Skillex/install/py_pubsub/lib/py_pubsub
[1.148s] writing list of installed files to '/home/hts/Skillex/build/py_pubsub/install.log'
[1.183s] Invoked command in '/home/hts/Skillex/src/py_pubsub' returned '0': PYTHONPATH=/home/hts/Skillex/install/py_pubsub/lib/python3.8/site-packages:${PYTHONPATH} /usr/bin/python3 setup.py egg_info --egg-base ../../build/py_pubsub build --build-base /home/hts/Skillex/build/py_pubsub/build install --prefix /home/hts/Skillex/install/py_pubsub --record /home/hts/Skillex/build/py_pubsub/install.log --single-version-externally-managed
