/home/hts/Skillex/install/py_pubsub/lib/python3.8/site-packages/py_pubsub/turtle_listener.py
/home/hts/Skillex/install/py_pubsub/lib/python3.8/site-packages/py_pubsub/speech2text.py
/home/hts/Skillex/install/py_pubsub/lib/python3.8/site-packages/py_pubsub/turtle_mover.py
/home/hts/Skillex/install/py_pubsub/lib/python3.8/site-packages/py_pubsub/__init__.py
/home/hts/Skillex/install/py_pubsub/lib/python3.8/site-packages/py_pubsub/__pycache__/turtle_listener.cpython-38.pyc
/home/hts/Skillex/install/py_pubsub/lib/python3.8/site-packages/py_pubsub/__pycache__/speech2text.cpython-38.pyc
/home/hts/Skillex/install/py_pubsub/lib/python3.8/site-packages/py_pubsub/__pycache__/turtle_mover.cpython-38.pyc
/home/hts/Skillex/install/py_pubsub/lib/python3.8/site-packages/py_pubsub/__pycache__/__init__.cpython-38.pyc
/home/hts/Skillex/install/py_pubsub/share/ament_index/resource_index/packages/py_pubsub
/home/hts/Skillex/install/py_pubsub/share/py_pubsub/package.xml
/home/hts/Skillex/install/py_pubsub/lib/python3.8/site-packages/py_pubsub-0.0.0-py3.8.egg-info/dependency_links.txt
/home/hts/Skillex/install/py_pubsub/lib/python3.8/site-packages/py_pubsub-0.0.0-py3.8.egg-info/zip-safe
/home/hts/Skillex/install/py_pubsub/lib/python3.8/site-packages/py_pubsub-0.0.0-py3.8.egg-info/SOURCES.txt
/home/hts/Skillex/install/py_pubsub/lib/python3.8/site-packages/py_pubsub-0.0.0-py3.8.egg-info/top_level.txt
/home/hts/Skillex/install/py_pubsub/lib/python3.8/site-packages/py_pubsub-0.0.0-py3.8.egg-info/entry_points.txt
/home/hts/Skillex/install/py_pubsub/lib/python3.8/site-packages/py_pubsub-0.0.0-py3.8.egg-info/PKG-INFO
/home/hts/Skillex/install/py_pubsub/lib/python3.8/site-packages/py_pubsub-0.0.0-py3.8.egg-info/requires.txt
/home/hts/Skillex/install/py_pubsub/lib/py_pubsub/listener
/home/hts/Skillex/install/py_pubsub/lib/py_pubsub/speech2text
/home/hts/Skillex/install/py_pubsub/lib/py_pubsub/talker
