[0.578s] Invoking command in '/home/hts/Skillex/src/py_pubsub': PYTHONPATH=/home/hts/Skillex/install/py_pubsub/lib/python3.8/site-packages:${PYTHONPATH} /usr/bin/python3 setup.py egg_info --egg-base ../../build/py_pubsub build --build-base /home/hts/Skillex/build/py_pubsub/build install --prefix /home/hts/Skillex/install/py_pubsub --record /home/hts/Skillex/build/py_pubsub/install.log --single-version-externally-managed
[0.793s] running egg_info
[0.794s] writing ../../build/py_pubsub/py_pubsub.egg-info/PKG-INFO
[0.794s] writing dependency_links to ../../build/py_pubsub/py_pubsub.egg-info/dependency_links.txt
[0.795s] writing entry points to ../../build/py_pubsub/py_pubsub.egg-info/entry_points.txt
[0.796s] writing requirements to ../../build/py_pubsub/py_pubsub.egg-info/requires.txt
[0.798s] writing top-level names to ../../build/py_pubsub/py_pubsub.egg-info/top_level.txt
[0.837s] reading manifest file '../../build/py_pubsub/py_pubsub.egg-info/SOURCES.txt'
[0.838s] writing manifest file '../../build/py_pubsub/py_pubsub.egg-info/SOURCES.txt'
[0.839s] running build
[0.839s] running build_py
[0.839s] copying py_pubsub/turtle_listener.py -> /home/hts/Skillex/build/py_pubsub/build/lib/py_pubsub
[0.839s] running install
[0.840s] running install_lib
[0.841s] copying /home/hts/Skillex/build/py_pubsub/build/lib/py_pubsub/turtle_listener.py -> /home/hts/Skillex/install/py_pubsub/lib/python3.8/site-packages/py_pubsub
[0.842s] byte-compiling /home/hts/Skillex/install/py_pubsub/lib/python3.8/site-packages/py_pubsub/turtle_listener.py to turtle_listener.cpython-38.pyc
[0.844s] running install_data
[0.844s] running install_egg_info
[0.846s] removing '/home/hts/Skillex/install/py_pubsub/lib/python3.8/site-packages/py_pubsub-0.0.0-py3.8.egg-info' (and everything under it)
[0.846s] Copying ../../build/py_pubsub/py_pubsub.egg-info to /home/hts/Skillex/install/py_pubsub/lib/python3.8/site-packages/py_pubsub-0.0.0-py3.8.egg-info
[0.847s] running install_scripts
[0.872s] Installing listener script to /home/hts/Skillex/install/py_pubsub/lib/py_pubsub
[0.873s] Installing talker script to /home/hts/Skillex/install/py_pubsub/lib/py_pubsub
[0.874s] writing list of installed files to '/home/hts/Skillex/build/py_pubsub/install.log'
[0.923s] Invoked command in '/home/hts/Skillex/src/py_pubsub' returned '0': PYTHONPATH=/home/hts/Skillex/install/py_pubsub/lib/python3.8/site-packages:${PYTHONPATH} /usr/bin/python3 setup.py egg_info --egg-base ../../build/py_pubsub build --build-base /home/hts/Skillex/build/py_pubsub/build install --prefix /home/hts/Skillex/install/py_pubsub --record /home/hts/Skillex/build/py_pubsub/install.log --single-version-externally-managed
