[0.606s] Invoking command in '/home/hts/Skillex/src/py_pubsub': PYTHONPATH=/home/hts/Skillex/install/py_pubsub/lib/python3.8/site-packages:${PYTHONPATH} /usr/bin/python3 setup.py egg_info --egg-base ../../build/py_pubsub build --build-base /home/hts/Skillex/build/py_pubsub/build install --prefix /home/hts/Skillex/install/py_pubsub --record /home/hts/Skillex/build/py_pubsub/install.log --single-version-externally-managed
[0.790s] running egg_info
[0.790s] writing ../../build/py_pubsub/py_pubsub.egg-info/PKG-INFO
[0.792s] writing dependency_links to ../../build/py_pubsub/py_pubsub.egg-info/dependency_links.txt
[0.792s] writing entry points to ../../build/py_pubsub/py_pubsub.egg-info/entry_points.txt
[0.792s] writing requirements to ../../build/py_pubsub/py_pubsub.egg-info/requires.txt
[0.792s] writing top-level names to ../../build/py_pubsub/py_pubsub.egg-info/top_level.txt
[0.824s] reading manifest file '../../build/py_pubsub/py_pubsub.egg-info/SOURCES.txt'
[0.825s] writing manifest file '../../build/py_pubsub/py_pubsub.egg-info/SOURCES.txt'
[0.825s] running build
[0.825s] running build_py
[0.825s] copying py_pubsub/tutle_listener.py -> /home/hts/Skillex/build/py_pubsub/build/lib/py_pubsub
[0.826s] running install
[0.827s] running install_lib
[0.827s] copying /home/hts/Skillex/build/py_pubsub/build/lib/py_pubsub/tutle_listener.py -> /home/hts/Skillex/install/py_pubsub/lib/python3.8/site-packages/py_pubsub
[0.828s] byte-compiling /home/hts/Skillex/install/py_pubsub/lib/python3.8/site-packages/py_pubsub/tutle_listener.py to tutle_listener.cpython-38.pyc
[0.829s] running install_data
[0.829s] running install_egg_info
[0.831s] removing '/home/hts/Skillex/install/py_pubsub/lib/python3.8/site-packages/py_pubsub-0.0.0-py3.8.egg-info' (and everything under it)
[0.831s] Copying ../../build/py_pubsub/py_pubsub.egg-info to /home/hts/Skillex/install/py_pubsub/lib/python3.8/site-packages/py_pubsub-0.0.0-py3.8.egg-info
[0.832s] running install_scripts
[0.849s] Installing listener script to /home/hts/Skillex/install/py_pubsub/lib/py_pubsub
[0.849s] Installing talker script to /home/hts/Skillex/install/py_pubsub/lib/py_pubsub
[0.850s] writing list of installed files to '/home/hts/Skillex/build/py_pubsub/install.log'
[0.881s] Invoked command in '/home/hts/Skillex/src/py_pubsub' returned '0': PYTHONPATH=/home/hts/Skillex/install/py_pubsub/lib/python3.8/site-packages:${PYTHONPATH} /usr/bin/python3 setup.py egg_info --egg-base ../../build/py_pubsub build --build-base /home/hts/Skillex/build/py_pubsub/build install --prefix /home/hts/Skillex/install/py_pubsub --record /home/hts/Skillex/build/py_pubsub/install.log --single-version-externally-managed
