[0.722s] Invoking command in '/home/hts/Skillex/src/py_pubsub': PYTHONPATH=/home/hts/Skillex/install/py_pubsub/lib/python3.8/site-packages:${PYTHONPATH} /usr/bin/python3 setup.py egg_info --egg-base ../../build/py_pubsub build --build-base /home/hts/Skillex/build/py_pubsub/build install --prefix /home/hts/Skillex/install/py_pubsub --record /home/hts/Skillex/build/py_pubsub/install.log --single-version-externally-managed
[0.974s] running egg_info
[0.975s] writing ../../build/py_pubsub/py_pubsub.egg-info/PKG-INFO
[0.985s] writing dependency_links to ../../build/py_pubsub/py_pubsub.egg-info/dependency_links.txt
[0.985s] writing entry points to ../../build/py_pubsub/py_pubsub.egg-info/entry_points.txt
[0.985s] writing requirements to ../../build/py_pubsub/py_pubsub.egg-info/requires.txt
[0.986s] writing top-level names to ../../build/py_pubsub/py_pubsub.egg-info/top_level.txt
[1.018s] reading manifest file '../../build/py_pubsub/py_pubsub.egg-info/SOURCES.txt'
[1.021s] writing manifest file '../../build/py_pubsub/py_pubsub.egg-info/SOURCES.txt'
[1.022s] running build
[1.022s] running build_py
[1.022s] running install
[1.030s] running install_lib
[1.030s] running install_data
[1.030s] running install_egg_info
[1.037s] removing '/home/hts/Skillex/install/py_pubsub/lib/python3.8/site-packages/py_pubsub-0.0.0-py3.8.egg-info' (and everything under it)
[1.038s] Copying ../../build/py_pubsub/py_pubsub.egg-info to /home/hts/Skillex/install/py_pubsub/lib/python3.8/site-packages/py_pubsub-0.0.0-py3.8.egg-info
[1.038s] running install_scripts
[1.056s] Installing listener script to /home/hts/Skillex/install/py_pubsub/lib/py_pubsub
[1.056s] Installing speech2text script to /home/hts/Skillex/install/py_pubsub/lib/py_pubsub
[1.058s] Installing talker script to /home/hts/Skillex/install/py_pubsub/lib/py_pubsub
[1.064s] writing list of installed files to '/home/hts/Skillex/build/py_pubsub/install.log'
[1.109s] Invoked command in '/home/hts/Skillex/src/py_pubsub' returned '0': PYTHONPATH=/home/hts/Skillex/install/py_pubsub/lib/python3.8/site-packages:${PYTHONPATH} /usr/bin/python3 setup.py egg_info --egg-base ../../build/py_pubsub build --build-base /home/hts/Skillex/build/py_pubsub/build install --prefix /home/hts/Skillex/install/py_pubsub --record /home/hts/Skillex/build/py_pubsub/install.log --single-version-externally-managed
