[0.581s] Invoking command in '/home/hts/Skillex/src/py_pubsub': PYTHONPATH=/home/hts/Skillex/install/py_pubsub/lib/python3.8/site-packages:${PYTHONPATH} /usr/bin/python3 setup.py egg_info --egg-base ../../build/py_pubsub build --build-base /home/hts/Skillex/build/py_pubsub/build install --prefix /home/hts/Skillex/install/py_pubsub --record /home/hts/Skillex/build/py_pubsub/install.log --single-version-externally-managed
[0.761s] running egg_info
[0.765s] writing ../../build/py_pubsub/py_pubsub.egg-info/PKG-INFO
[0.768s] writing dependency_links to ../../build/py_pubsub/py_pubsub.egg-info/dependency_links.txt
[0.769s] writing entry points to ../../build/py_pubsub/py_pubsub.egg-info/entry_points.txt
[0.769s] writing requirements to ../../build/py_pubsub/py_pubsub.egg-info/requires.txt
[0.769s] writing top-level names to ../../build/py_pubsub/py_pubsub.egg-info/top_level.txt
[0.801s] reading manifest file '../../build/py_pubsub/py_pubsub.egg-info/SOURCES.txt'
[0.802s] writing manifest file '../../build/py_pubsub/py_pubsub.egg-info/SOURCES.txt'
[0.802s] running build
[0.802s] running build_py
[0.802s] running install
[0.808s] running install_lib
[0.811s] running install_data
[0.812s] running install_egg_info
[0.814s] removing '/home/hts/Skillex/install/py_pubsub/lib/python3.8/site-packages/py_pubsub-0.0.0-py3.8.egg-info' (and everything under it)
[0.814s] Copying ../../build/py_pubsub/py_pubsub.egg-info to /home/hts/Skillex/install/py_pubsub/lib/python3.8/site-packages/py_pubsub-0.0.0-py3.8.egg-info
[0.816s] running install_scripts
[0.831s] Installing listener script to /home/hts/Skillex/install/py_pubsub/lib/py_pubsub
[0.831s] Installing talker script to /home/hts/Skillex/install/py_pubsub/lib/py_pubsub
[0.832s] writing list of installed files to '/home/hts/Skillex/build/py_pubsub/install.log'
[0.857s] Invoked command in '/home/hts/Skillex/src/py_pubsub' returned '0': PYTHONPATH=/home/hts/Skillex/install/py_pubsub/lib/python3.8/site-packages:${PYTHONPATH} /usr/bin/python3 setup.py egg_info --egg-base ../../build/py_pubsub build --build-base /home/hts/Skillex/build/py_pubsub/build install --prefix /home/hts/Skillex/install/py_pubsub --record /home/hts/Skillex/build/py_pubsub/install.log --single-version-externally-managed
