[0.629s] Invoking command in '/home/hts/Skillex/src/py_pubsub': PYTHONPATH=/home/hts/Skillex/install/py_pubsub/lib/python3.8/site-packages:${PYTHONPATH} /usr/bin/python3 setup.py egg_info --egg-base ../../build/py_pubsub build --build-base /home/hts/Skillex/build/py_pubsub/build install --prefix /home/hts/Skillex/install/py_pubsub --record /home/hts/Skillex/build/py_pubsub/install.log --single-version-externally-managed
[0.830s] running egg_info
[0.831s] writing ../../build/py_pubsub/py_pubsub.egg-info/PKG-INFO
[0.836s] writing dependency_links to ../../build/py_pubsub/py_pubsub.egg-info/dependency_links.txt
[0.836s] writing entry points to ../../build/py_pubsub/py_pubsub.egg-info/entry_points.txt
[0.836s] writing requirements to ../../build/py_pubsub/py_pubsub.egg-info/requires.txt
[0.836s] writing top-level names to ../../build/py_pubsub/py_pubsub.egg-info/top_level.txt
[0.877s] reading manifest file '../../build/py_pubsub/py_pubsub.egg-info/SOURCES.txt'
[0.884s] writing manifest file '../../build/py_pubsub/py_pubsub.egg-info/SOURCES.txt'
[0.884s] running build
[0.884s] running build_py
[0.884s] copying py_pubsub/turtle_listener.py -> /home/hts/Skillex/build/py_pubsub/build/lib/py_pubsub
[0.884s] running install
[0.885s] running install_lib
[0.885s] copying /home/hts/Skillex/build/py_pubsub/build/lib/py_pubsub/turtle_listener.py -> /home/hts/Skillex/install/py_pubsub/lib/python3.8/site-packages/py_pubsub
[0.886s] byte-compiling /home/hts/Skillex/install/py_pubsub/lib/python3.8/site-packages/py_pubsub/turtle_listener.py to turtle_listener.cpython-38.pyc
[0.887s] running install_data
[0.888s] running install_egg_info
[0.889s] removing '/home/hts/Skillex/install/py_pubsub/lib/python3.8/site-packages/py_pubsub-0.0.0-py3.8.egg-info' (and everything under it)
[0.890s] Copying ../../build/py_pubsub/py_pubsub.egg-info to /home/hts/Skillex/install/py_pubsub/lib/python3.8/site-packages/py_pubsub-0.0.0-py3.8.egg-info
[0.892s] running install_scripts
[0.911s] Installing listener script to /home/hts/Skillex/install/py_pubsub/lib/py_pubsub
[0.913s] Installing talker script to /home/hts/Skillex/install/py_pubsub/lib/py_pubsub
[0.913s] writing list of installed files to '/home/hts/Skillex/build/py_pubsub/install.log'
[0.964s] Invoked command in '/home/hts/Skillex/src/py_pubsub' returned '0': PYTHONPATH=/home/hts/Skillex/install/py_pubsub/lib/python3.8/site-packages:${PYTHONPATH} /usr/bin/python3 setup.py egg_info --egg-base ../../build/py_pubsub build --build-base /home/hts/Skillex/build/py_pubsub/build install --prefix /home/hts/Skillex/install/py_pubsub --record /home/hts/Skillex/build/py_pubsub/install.log --single-version-externally-managed
