[2.495s] Invoking command in '/home/hts/Skillex/src/py_pubsub': PYTHONPATH=/home/hts/Skillex/install/py_pubsub/lib/python3.8/site-packages:${PYTHONPATH} /usr/bin/python3 setup.py egg_info --egg-base ../../build/py_pubsub build --build-base /home/hts/Skillex/build/py_pubsub/build install --prefix /home/hts/Skillex/install/py_pubsub --record /home/hts/Skillex/build/py_pubsub/install.log --single-version-externally-managed
[2.766s] running egg_info
[2.766s] writing ../../build/py_pubsub/py_pubsub.egg-info/PKG-INFO
[2.772s] writing dependency_links to ../../build/py_pubsub/py_pubsub.egg-info/dependency_links.txt
[2.772s] writing entry points to ../../build/py_pubsub/py_pubsub.egg-info/entry_points.txt
[2.772s] writing requirements to ../../build/py_pubsub/py_pubsub.egg-info/requires.txt
[2.772s] writing top-level names to ../../build/py_pubsub/py_pubsub.egg-info/top_level.txt
[2.848s] reading manifest file '../../build/py_pubsub/py_pubsub.egg-info/SOURCES.txt'
[2.859s] writing manifest file '../../build/py_pubsub/py_pubsub.egg-info/SOURCES.txt'
[2.859s] running build
[2.859s] running build_py
[2.861s] copying py_pubsub/speech2text.py -> /home/hts/Skillex/build/py_pubsub/build/lib/py_pubsub
[2.883s] running install
[2.883s] running install_lib
[2.883s] copying /home/hts/Skillex/build/py_pubsub/build/lib/py_pubsub/speech2text.py -> /home/hts/Skillex/install/py_pubsub/lib/python3.8/site-packages/py_pubsub
[2.886s] byte-compiling /home/hts/Skillex/install/py_pubsub/lib/python3.8/site-packages/py_pubsub/speech2text.py to speech2text.cpython-38.pyc
[2.888s] running install_data
[2.888s] running install_egg_info
[2.892s] removing '/home/hts/Skillex/install/py_pubsub/lib/python3.8/site-packages/py_pubsub-0.0.0-py3.8.egg-info' (and everything under it)
[2.895s] Copying ../../build/py_pubsub/py_pubsub.egg-info to /home/hts/Skillex/install/py_pubsub/lib/python3.8/site-packages/py_pubsub-0.0.0-py3.8.egg-info
[2.909s] running install_scripts
[2.932s] Installing listener script to /home/hts/Skillex/install/py_pubsub/lib/py_pubsub
[2.933s] Installing talker script to /home/hts/Skillex/install/py_pubsub/lib/py_pubsub
[2.937s] writing list of installed files to '/home/hts/Skillex/build/py_pubsub/install.log'
[2.966s] Invoked command in '/home/hts/Skillex/src/py_pubsub' returned '0': PYTHONPATH=/home/hts/Skillex/install/py_pubsub/lib/python3.8/site-packages:${PYTHONPATH} /usr/bin/python3 setup.py egg_info --egg-base ../../build/py_pubsub build --build-base /home/hts/Skillex/build/py_pubsub/build install --prefix /home/hts/Skillex/install/py_pubsub --record /home/hts/Skillex/build/py_pubsub/install.log --single-version-externally-managed
