[1.723s] Invoking command in '/home/hts/Skillex/src/py_pubsub': PYTHONPATH=/home/hts/Skillex/install/py_pubsub/lib/python3.8/site-packages:${PYTHONPATH} /usr/bin/python3 setup.py egg_info --egg-base ../../build/py_pubsub build --build-base /home/hts/Skillex/build/py_pubsub/build install --prefix /home/hts/Skillex/install/py_pubsub --record /home/hts/Skillex/build/py_pubsub/install.log --single-version-externally-managed
[1.960s] running egg_info
[1.961s] creating ../../build/py_pubsub/py_pubsub.egg-info
[1.961s] writing ../../build/py_pubsub/py_pubsub.egg-info/PKG-INFO
[1.962s] writing dependency_links to ../../build/py_pubsub/py_pubsub.egg-info/dependency_links.txt
[1.962s] writing entry points to ../../build/py_pubsub/py_pubsub.egg-info/entry_points.txt
[1.963s] writing requirements to ../../build/py_pubsub/py_pubsub.egg-info/requires.txt
[1.963s] writing top-level names to ../../build/py_pubsub/py_pubsub.egg-info/top_level.txt
[1.990s] writing manifest file '../../build/py_pubsub/py_pubsub.egg-info/SOURCES.txt'
[2.021s] reading manifest file '../../build/py_pubsub/py_pubsub.egg-info/SOURCES.txt'
[2.022s] writing manifest file '../../build/py_pubsub/py_pubsub.egg-info/SOURCES.txt'
[2.023s] running build
[2.023s] running build_py
[2.023s] creating /home/hts/Skillex/build/py_pubsub/build
[2.023s] creating /home/hts/Skillex/build/py_pubsub/build/lib
[2.023s] creating /home/hts/Skillex/build/py_pubsub/build/lib/py_pubsub
[2.023s] copying py_pubsub/turtle_mover.py -> /home/hts/Skillex/build/py_pubsub/build/lib/py_pubsub
[2.023s] copying py_pubsub/__init__.py -> /home/hts/Skillex/build/py_pubsub/build/lib/py_pubsub
[2.024s] running install
[2.024s] running install_lib
[2.025s] creating /home/hts/Skillex/install/py_pubsub/lib/python3.8/site-packages/py_pubsub
[2.025s] copying /home/hts/Skillex/build/py_pubsub/build/lib/py_pubsub/turtle_mover.py -> /home/hts/Skillex/install/py_pubsub/lib/python3.8/site-packages/py_pubsub
[2.025s] copying /home/hts/Skillex/build/py_pubsub/build/lib/py_pubsub/__init__.py -> /home/hts/Skillex/install/py_pubsub/lib/python3.8/site-packages/py_pubsub
[2.025s] byte-compiling /home/hts/Skillex/install/py_pubsub/lib/python3.8/site-packages/py_pubsub/turtle_mover.py to turtle_mover.cpython-38.pyc
[2.026s] byte-compiling /home/hts/Skillex/install/py_pubsub/lib/python3.8/site-packages/py_pubsub/__init__.py to __init__.cpython-38.pyc
[2.027s] running install_data
[2.028s] creating /home/hts/Skillex/install/py_pubsub/share/ament_index
[2.028s] creating /home/hts/Skillex/install/py_pubsub/share/ament_index/resource_index
[2.028s] creating /home/hts/Skillex/install/py_pubsub/share/ament_index/resource_index/packages
[2.028s] copying resource/py_pubsub -> /home/hts/Skillex/install/py_pubsub/share/ament_index/resource_index/packages
[2.028s] copying package.xml -> /home/hts/Skillex/install/py_pubsub/share/py_pubsub
[2.028s] running install_egg_info
[2.029s] Copying ../../build/py_pubsub/py_pubsub.egg-info to /home/hts/Skillex/install/py_pubsub/lib/python3.8/site-packages/py_pubsub-0.0.0-py3.8.egg-info
[2.030s] running install_scripts
[2.046s] Installing listener script to /home/hts/Skillex/install/py_pubsub/lib/py_pubsub
[2.046s] Installing talker script to /home/hts/Skillex/install/py_pubsub/lib/py_pubsub
[2.047s] writing list of installed files to '/home/hts/Skillex/build/py_pubsub/install.log'
[2.081s] Invoked command in '/home/hts/Skillex/src/py_pubsub' returned '0': PYTHONPATH=/home/hts/Skillex/install/py_pubsub/lib/python3.8/site-packages:${PYTHONPATH} /usr/bin/python3 setup.py egg_info --egg-base ../../build/py_pubsub build --build-base /home/hts/Skillex/build/py_pubsub/build install --prefix /home/hts/Skillex/install/py_pubsub --record /home/hts/Skillex/build/py_pubsub/install.log --single-version-externally-managed
